This file contains any messages produced by compilers while
running configure, to aid debugging if configure makes a mistake.

It was created by epson-inkjet-printer-filter configure 1.0.0, which was
generated by GNU Autoconf 2.72.  Invocation command line was

  $ ./configure 'LDFLAGS=-Wl,-O1 -Wl,--sort-common -Wl,--as-needed -Wl,-z,relro -Wl,-z,now          -Wl,-z,pack-relative-relocs -flto=auto -Wl,--no-as-needed' --prefix=/opt/epson-inkjet-printer-201310w

## --------- ##
## Platform. ##
## --------- ##

hostname = integral2
uname -m = x86_64
uname -r = 6.9.6-arch1-1
uname -s = Linux
uname -v = #1 SMP PREEMPT_DYNAMIC Fri, 21 Jun 2024 19:49:19 +0000

/usr/bin/uname -p = unknown
/bin/uname -X     = unknown

/bin/arch              = unknown
/usr/bin/arch -k       = unknown
/usr/convex/getsysinfo = unknown
/usr/bin/hostinfo      = unknown
/bin/machine           = unknown
/usr/bin/oslevel       = unknown
/bin/universe          = unknown

PATH: /usr/local/bin/
PATH: /usr/bin/
PATH: /bin/
PATH: /usr/local/sbin/
PATH: /usr/bin/site_perl/
PATH: /usr/bin/vendor_perl/
PATH: /usr/bin/core_perl/


## ----------- ##
## Core tests. ##
## ----------- ##

configure:2442: looking for aux files: config.guess config.sub ltmain.sh compile missing install-sh
configure:2455:  trying ./
configure:2484:   ./config.guess found
configure:2484:   ./config.sub found
configure:2484:   ./ltmain.sh found
configure:2484:   ./compile found
configure:2484:   ./missing found
configure:2466:   ./install-sh found
configure:2614: checking for a BSD-compatible install
configure:2688: result: /usr/bin/install -c
configure:2699: checking whether build environment is sane
configure:2754: result: yes
configure:2915: checking for a race-free mkdir -p
configure:2958: result: /usr/bin/mkdir -p
configure:2965: checking for gawk
configure:2986: found /usr/bin/gawk
configure:2998: result: gawk
configure:3009: checking whether make sets $(MAKE)
configure:3033: result: yes
configure:3063: checking whether make supports nested variables
configure:3082: result: yes
configure:3287: checking for gcc
configure:3308: found /usr/bin/gcc
configure:3320: result: gcc
configure:3679: checking for C compiler version
configure:3688: gcc --version >&5
gcc (GCC) 14.1.1 20240522
Copyright (C) 2024 Free Software Foundation, Inc.
This is free software; see the source for copying conditions.  There is NO
warranty; not even for MERCHANTABILITY or FITNESS FOR A PARTICULAR PURPOSE.

configure:3699: $? = 0
configure:3688: gcc -v >&5
Using built-in specs.
COLLECT_GCC=gcc
COLLECT_LTO_WRAPPER=/usr/lib/gcc/x86_64-pc-linux-gnu/14.1.1/lto-wrapper
Target: x86_64-pc-linux-gnu
Configured with: /build/gcc/src/gcc/configure --enable-languages=ada,c,c++,d,fortran,go,lto,m2,objc,obj-c++,rust --enable-bootstrap --prefix=/usr --libdir=/usr/lib --libexecdir=/usr/lib --mandir=/usr/share/man --infodir=/usr/share/info --with-bugurl=https://gitlab.archlinux.org/archlinux/packaging/packages/gcc/-/issues --with-build-config=bootstrap-lto --with-linker-hash-style=gnu --with-system-zlib --enable-__cxa_atexit --enable-cet=auto --enable-checking=release --enable-clocale=gnu --enable-default-pie --enable-default-ssp --enable-gnu-indirect-function --enable-gnu-unique-object --enable-libstdcxx-backtrace --enable-link-serialization=1 --enable-linker-build-id --enable-lto --enable-multilib --enable-plugin --enable-shared --enable-threads=posix --disable-libssp --disable-libstdcxx-pch --disable-werror
Thread model: posix
Supported LTO compression algorithms: zlib zstd
gcc version 14.1.1 20240522 (GCC) 
configure:3699: $? = 0
configure:3688: gcc -V >&5
gcc: error: unrecognized command-line option '-V'
gcc: fatal error: no input files
compilation terminated.
configure:3699: $? = 1
configure:3688: gcc -qversion >&5
gcc: error: unrecognized command-line option '-qversion'; did you mean '--version'?
gcc: fatal error: no input files
compilation terminated.
configure:3699: $? = 1
configure:3688: gcc -version >&5
gcc: error: unrecognized command-line option '-version'
gcc: fatal error: no input files
compilation terminated.
configure:3699: $? = 1
configure:3719: checking whether the C compiler works
configure:3741: gcc -march=x86-64 -mtune=generic -O2 -pipe -fno-plt -fexceptions         -Wp,-D_FORTIFY_SOURCE=3 -Wformat -Werror=format-security         -fstack-clash-protection -fcf-protection         -fno-omit-frame-pointer -mno-omit-leaf-frame-pointer -g -ffile-prefix-map=/home/fadhil_riyanto/BALI64/L120_linux_driver/src=/usr/src/debug/epson-inkjet-printer-201310w -flto=auto  -Wl,-O1 -Wl,--sort-common -Wl,--as-needed -Wl,-z,relro -Wl,-z,now          -Wl,-z,pack-relative-relocs -flto=auto -Wl,--no-as-needed conftest.c  >&5
configure:3745: $? = 0
configure:3796: result: yes
configure:3800: checking for C compiler default output file name
configure:3802: result: a.out
configure:3808: checking for suffix of executables
configure:3815: gcc -o conftest -march=x86-64 -mtune=generic -O2 -pipe -fno-plt -fexceptions         -Wp,-D_FORTIFY_SOURCE=3 -Wformat -Werror=format-security         -fstack-clash-protection -fcf-protection         -fno-omit-frame-pointer -mno-omit-leaf-frame-pointer -g -ffile-prefix-map=/home/fadhil_riyanto/BALI64/L120_linux_driver/src=/usr/src/debug/epson-inkjet-printer-201310w -flto=auto  -Wl,-O1 -Wl,--sort-common -Wl,--as-needed -Wl,-z,relro -Wl,-z,now          -Wl,-z,pack-relative-relocs -flto=auto -Wl,--no-as-needed conftest.c  >&5
configure:3819: $? = 0
configure:3843: result: 
configure:3867: checking whether we are cross compiling
configure:3875: gcc -o conftest -march=x86-64 -mtune=generic -O2 -pipe -fno-plt -fexceptions         -Wp,-D_FORTIFY_SOURCE=3 -Wformat -Werror=format-security         -fstack-clash-protection -fcf-protection         -fno-omit-frame-pointer -mno-omit-leaf-frame-pointer -g -ffile-prefix-map=/home/fadhil_riyanto/BALI64/L120_linux_driver/src=/usr/src/debug/epson-inkjet-printer-201310w -flto=auto  -Wl,-O1 -Wl,--sort-common -Wl,--as-needed -Wl,-z,relro -Wl,-z,now          -Wl,-z,pack-relative-relocs -flto=auto -Wl,--no-as-needed conftest.c  >&5
configure:3879: $? = 0
configure:3886: ./conftest
configure:3890: $? = 0
configure:3905: result: no
configure:3911: checking for suffix of object files
configure:3934: gcc -c -march=x86-64 -mtune=generic -O2 -pipe -fno-plt -fexceptions         -Wp,-D_FORTIFY_SOURCE=3 -Wformat -Werror=format-security         -fstack-clash-protection -fcf-protection         -fno-omit-frame-pointer -mno-omit-leaf-frame-pointer -g -ffile-prefix-map=/home/fadhil_riyanto/BALI64/L120_linux_driver/src=/usr/src/debug/epson-inkjet-printer-201310w -flto=auto  conftest.c >&5
configure:3938: $? = 0
configure:3962: result: o
configure:3966: checking whether the compiler supports GNU C
configure:3986: gcc -c -march=x86-64 -mtune=generic -O2 -pipe -fno-plt -fexceptions         -Wp,-D_FORTIFY_SOURCE=3 -Wformat -Werror=format-security         -fstack-clash-protection -fcf-protection         -fno-omit-frame-pointer -mno-omit-leaf-frame-pointer -g -ffile-prefix-map=/home/fadhil_riyanto/BALI64/L120_linux_driver/src=/usr/src/debug/epson-inkjet-printer-201310w -flto=auto  conftest.c >&5
configure:3986: $? = 0
configure:3998: result: yes
configure:4009: checking whether gcc accepts -g
configure:4030: gcc -c -g  conftest.c >&5
configure:4030: $? = 0
configure:4077: result: yes
configure:4097: checking for gcc option to enable C11 features
configure:4112: gcc  -c -march=x86-64 -mtune=generic -O2 -pipe -fno-plt -fexceptions         -Wp,-D_FORTIFY_SOURCE=3 -Wformat -Werror=format-security         -fstack-clash-protection -fcf-protection         -fno-omit-frame-pointer -mno-omit-leaf-frame-pointer -g -ffile-prefix-map=/home/fadhil_riyanto/BALI64/L120_linux_driver/src=/usr/src/debug/epson-inkjet-printer-201310w -flto=auto  conftest.c >&5
configure:4112: $? = 0
configure:4131: result: none needed
configure:4255: checking whether gcc understands -c and -o together
configure:4278: gcc -c conftest.c -o conftest2.o
configure:4281: $? = 0
configure:4278: gcc -c conftest.c -o conftest2.o
configure:4281: $? = 0
configure:4294: result: yes
configure:4314: checking whether make supports the include directive
configure:4329: make -f confmf.GNU && cat confinc.out
this is the am__doit target
configure:4332: $? = 0
configure:4351: result: yes (GNU style)
configure:4377: checking dependency style of gcc
configure:4490: result: gcc3
configure:4506: checking whether ln -s works
configure:4510: result: yes
configure:4549: checking build system type
configure:4565: result: x86_64-pc-linux-gnu
configure:4585: checking host system type
configure:4600: result: x86_64-pc-linux-gnu
configure:4641: checking how to print strings
configure:4668: result: printf
configure:4689: checking for a sed that does not truncate output
configure:4761: result: /usr/bin/sed
configure:4779: checking for grep that handles long lines and -e
configure:4845: result: /usr/bin/grep
configure:4850: checking for egrep
configure:4920: result: /usr/bin/grep -E
configure:4927: checking for fgrep
configure:4997: result: /usr/bin/grep -F
configure:5034: checking for ld used by gcc
configure:5103: result: /usr/bin/ld
configure:5110: checking if the linker (/usr/bin/ld) is GNU ld
configure:5127: result: yes
configure:5139: checking for BSD- or MS-compatible name lister (nm)
configure:5195: result: /usr/bin/nm -B
configure:5337: checking the name lister (/usr/bin/nm -B) interface
configure:5345: gcc -c -march=x86-64 -mtune=generic -O2 -pipe -fno-plt -fexceptions         -Wp,-D_FORTIFY_SOURCE=3 -Wformat -Werror=format-security         -fstack-clash-protection -fcf-protection         -fno-omit-frame-pointer -mno-omit-leaf-frame-pointer -g -ffile-prefix-map=/home/fadhil_riyanto/BALI64/L120_linux_driver/src=/usr/src/debug/epson-inkjet-printer-201310w -flto=auto  conftest.c >&5
configure:5348: /usr/bin/nm -B "conftest.o"
configure:5351: output
00000000 B some_variable
configure:5359: result: BSD nm
configure:5363: checking the maximum length of command line arguments
configure:5496: result: 1572864
configure:5544: checking how to convert x86_64-pc-linux-gnu file names to x86_64-pc-linux-gnu format
configure:5586: result: func_convert_file_noop
configure:5593: checking how to convert x86_64-pc-linux-gnu file names to toolchain format
configure:5615: result: func_convert_file_noop
configure:5622: checking for /usr/bin/ld option to reload object files
configure:5631: result: -r
configure:5664: checking for file
configure:5685: found /usr/bin/file
configure:5698: result: file
configure:5761: checking for objdump
configure:5782: found /usr/bin/objdump
configure:5794: result: objdump
configure:5826: checking how to recognize dependent libraries
configure:6027: result: pass_all
configure:6118: checking for dlltool
configure:6154: result: no
configure:6184: checking how to associate runtime and link libraries
configure:6213: result: printf %s\n
configure:6280: checking for ar
configure:6301: found /usr/bin/ar
configure:6313: result: ar
configure:6366: checking for archiver @FILE support
configure:6384: gcc -c -march=x86-64 -mtune=generic -O2 -pipe -fno-plt -fexceptions         -Wp,-D_FORTIFY_SOURCE=3 -Wformat -Werror=format-security         -fstack-clash-protection -fcf-protection         -fno-omit-frame-pointer -mno-omit-leaf-frame-pointer -g -ffile-prefix-map=/home/fadhil_riyanto/BALI64/L120_linux_driver/src=/usr/src/debug/epson-inkjet-printer-201310w -flto=auto  conftest.c >&5
configure:6384: $? = 0
configure:6388: ar cr libconftest.a @conftest.lst >&5
configure:6391: $? = 0
configure:6396: ar cr libconftest.a @conftest.lst >&5
ar: conftest.o: No such file or directory
configure:6399: $? = 1
configure:6412: result: @
configure:6476: checking for strip
configure:6497: found /usr/bin/strip
configure:6509: result: strip
configure:6587: checking for ranlib
configure:6608: found /usr/bin/ranlib
configure:6620: result: ranlib
configure:6715: checking command to parse /usr/bin/nm -B output from gcc object
configure:6869: gcc -c -march=x86-64 -mtune=generic -O2 -pipe -fno-plt -fexceptions         -Wp,-D_FORTIFY_SOURCE=3 -Wformat -Werror=format-security         -fstack-clash-protection -fcf-protection         -fno-omit-frame-pointer -mno-omit-leaf-frame-pointer -g -ffile-prefix-map=/home/fadhil_riyanto/BALI64/L120_linux_driver/src=/usr/src/debug/epson-inkjet-printer-201310w -flto=auto  conftest.c >&5
configure:6872: $? = 0
configure:6876: /usr/bin/nm -B conftest.o \| /usr/bin/sed -n -e 's/^.*[ ]\([ABCDGIRSTW][ABCDGIRSTW]*\)[ ][ ]*\([_A-Za-z][_A-Za-z0-9]*\)$/\1 \2 \2/p' | /usr/bin/sed '/ __gnu_lto/d' \> conftest.nm
configure:6879: $? = 0
configure:6945: gcc -o conftest -march=x86-64 -mtune=generic -O2 -pipe -fno-plt -fexceptions         -Wp,-D_FORTIFY_SOURCE=3 -Wformat -Werror=format-security         -fstack-clash-protection -fcf-protection         -fno-omit-frame-pointer -mno-omit-leaf-frame-pointer -g -ffile-prefix-map=/home/fadhil_riyanto/BALI64/L120_linux_driver/src=/usr/src/debug/epson-inkjet-printer-201310w -flto=auto  -Wl,-O1 -Wl,--sort-common -Wl,--as-needed -Wl,-z,relro -Wl,-z,now          -Wl,-z,pack-relative-relocs -flto=auto -Wl,--no-as-needed conftest.c conftstm.o >&5
configure:6948: $? = 0
configure:6987: result: ok
configure:7034: checking for sysroot
configure:7068: result: no
configure:7075: checking for a working dd
configure:7120: result: /usr/bin/dd
configure:7124: checking how to truncate binary pipes
configure:7141: result: /usr/bin/dd bs=4096 count=1
configure:7278: gcc -c -march=x86-64 -mtune=generic -O2 -pipe -fno-plt -fexceptions         -Wp,-D_FORTIFY_SOURCE=3 -Wformat -Werror=format-security         -fstack-clash-protection -fcf-protection         -fno-omit-frame-pointer -mno-omit-leaf-frame-pointer -g -ffile-prefix-map=/home/fadhil_riyanto/BALI64/L120_linux_driver/src=/usr/src/debug/epson-inkjet-printer-201310w -flto=auto  conftest.c >&5
configure:7281: $? = 0
configure:7481: checking for mt
configure:7517: result: no
configure:7537: checking if : is a manifest tool
configure:7544: : '-?'
configure:7553: result: no
configure:8292: checking for stdio.h
configure:8292: gcc -c -march=x86-64 -mtune=generic -O2 -pipe -fno-plt -fexceptions         -Wp,-D_FORTIFY_SOURCE=3 -Wformat -Werror=format-security         -fstack-clash-protection -fcf-protection         -fno-omit-frame-pointer -mno-omit-leaf-frame-pointer -g -ffile-prefix-map=/home/fadhil_riyanto/BALI64/L120_linux_driver/src=/usr/src/debug/epson-inkjet-printer-201310w -flto=auto  conftest.c >&5
configure:8292: $? = 0
configure:8292: result: yes
configure:8292: checking for stdlib.h
configure:8292: gcc -c -march=x86-64 -mtune=generic -O2 -pipe -fno-plt -fexceptions         -Wp,-D_FORTIFY_SOURCE=3 -Wformat -Werror=format-security         -fstack-clash-protection -fcf-protection         -fno-omit-frame-pointer -mno-omit-leaf-frame-pointer -g -ffile-prefix-map=/home/fadhil_riyanto/BALI64/L120_linux_driver/src=/usr/src/debug/epson-inkjet-printer-201310w -flto=auto  conftest.c >&5
configure:8292: $? = 0
configure:8292: result: yes
configure:8292: checking for string.h
configure:8292: gcc -c -march=x86-64 -mtune=generic -O2 -pipe -fno-plt -fexceptions         -Wp,-D_FORTIFY_SOURCE=3 -Wformat -Werror=format-security         -fstack-clash-protection -fcf-protection         -fno-omit-frame-pointer -mno-omit-leaf-frame-pointer -g -ffile-prefix-map=/home/fadhil_riyanto/BALI64/L120_linux_driver/src=/usr/src/debug/epson-inkjet-printer-201310w -flto=auto  conftest.c >&5
configure:8292: $? = 0
configure:8292: result: yes
configure:8292: checking for inttypes.h
configure:8292: gcc -c -march=x86-64 -mtune=generic -O2 -pipe -fno-plt -fexceptions         -Wp,-D_FORTIFY_SOURCE=3 -Wformat -Werror=format-security         -fstack-clash-protection -fcf-protection         -fno-omit-frame-pointer -mno-omit-leaf-frame-pointer -g -ffile-prefix-map=/home/fadhil_riyanto/BALI64/L120_linux_driver/src=/usr/src/debug/epson-inkjet-printer-201310w -flto=auto  conftest.c >&5
configure:8292: $? = 0
configure:8292: result: yes
configure:8292: checking for stdint.h
configure:8292: gcc -c -march=x86-64 -mtune=generic -O2 -pipe -fno-plt -fexceptions         -Wp,-D_FORTIFY_SOURCE=3 -Wformat -Werror=format-security         -fstack-clash-protection -fcf-protection         -fno-omit-frame-pointer -mno-omit-leaf-frame-pointer -g -ffile-prefix-map=/home/fadhil_riyanto/BALI64/L120_linux_driver/src=/usr/src/debug/epson-inkjet-printer-201310w -flto=auto  conftest.c >&5
configure:8292: $? = 0
configure:8292: result: yes
configure:8292: checking for strings.h
configure:8292: gcc -c -march=x86-64 -mtune=generic -O2 -pipe -fno-plt -fexceptions         -Wp,-D_FORTIFY_SOURCE=3 -Wformat -Werror=format-security         -fstack-clash-protection -fcf-protection         -fno-omit-frame-pointer -mno-omit-leaf-frame-pointer -g -ffile-prefix-map=/home/fadhil_riyanto/BALI64/L120_linux_driver/src=/usr/src/debug/epson-inkjet-printer-201310w -flto=auto  conftest.c >&5
configure:8292: $? = 0
configure:8292: result: yes
configure:8292: checking for sys/stat.h
configure:8292: gcc -c -march=x86-64 -mtune=generic -O2 -pipe -fno-plt -fexceptions         -Wp,-D_FORTIFY_SOURCE=3 -Wformat -Werror=format-security         -fstack-clash-protection -fcf-protection         -fno-omit-frame-pointer -mno-omit-leaf-frame-pointer -g -ffile-prefix-map=/home/fadhil_riyanto/BALI64/L120_linux_driver/src=/usr/src/debug/epson-inkjet-printer-201310w -flto=auto  conftest.c >&5
configure:8292: $? = 0
configure:8292: result: yes
configure:8292: checking for sys/types.h
configure:8292: gcc -c -march=x86-64 -mtune=generic -O2 -pipe -fno-plt -fexceptions         -Wp,-D_FORTIFY_SOURCE=3 -Wformat -Werror=format-security         -fstack-clash-protection -fcf-protection         -fno-omit-frame-pointer -mno-omit-leaf-frame-pointer -g -ffile-prefix-map=/home/fadhil_riyanto/BALI64/L120_linux_driver/src=/usr/src/debug/epson-inkjet-printer-201310w -flto=auto  conftest.c >&5
configure:8292: $? = 0
configure:8292: result: yes
configure:8292: checking for unistd.h
configure:8292: gcc -c -march=x86-64 -mtune=generic -O2 -pipe -fno-plt -fexceptions         -Wp,-D_FORTIFY_SOURCE=3 -Wformat -Werror=format-security         -fstack-clash-protection -fcf-protection         -fno-omit-frame-pointer -mno-omit-leaf-frame-pointer -g -ffile-prefix-map=/home/fadhil_riyanto/BALI64/L120_linux_driver/src=/usr/src/debug/epson-inkjet-printer-201310w -flto=auto  conftest.c >&5
configure:8292: $? = 0
configure:8292: result: yes
configure:8317: checking for dlfcn.h
configure:8317: gcc -c -march=x86-64 -mtune=generic -O2 -pipe -fno-plt -fexceptions         -Wp,-D_FORTIFY_SOURCE=3 -Wformat -Werror=format-security         -fstack-clash-protection -fcf-protection         -fno-omit-frame-pointer -mno-omit-leaf-frame-pointer -g -ffile-prefix-map=/home/fadhil_riyanto/BALI64/L120_linux_driver/src=/usr/src/debug/epson-inkjet-printer-201310w -flto=auto  conftest.c >&5
configure:8317: $? = 0
configure:8317: result: yes
configure:8582: checking for objdir
configure:8599: result: .libs
configure:8861: checking if gcc supports -fno-rtti -fno-exceptions
configure:8880: gcc -c -march=x86-64 -mtune=generic -O2 -pipe -fno-plt -fexceptions         -Wp,-D_FORTIFY_SOURCE=3 -Wformat -Werror=format-security         -fstack-clash-protection -fcf-protection         -fno-omit-frame-pointer -mno-omit-leaf-frame-pointer -g -ffile-prefix-map=/home/fadhil_riyanto/BALI64/L120_linux_driver/src=/usr/src/debug/epson-inkjet-printer-201310w -flto=auto  -fno-rtti -fno-exceptions conftest.c >&5
cc1: warning: command-line option '-fno-rtti' is valid for C++/D/ObjC++ but not for C
configure:8884: $? = 0
configure:8898: result: no
configure:9262: checking for gcc option to produce PIC
configure:9271: result: -fPIC -DPIC
configure:9279: checking if gcc PIC flag -fPIC -DPIC works
configure:9298: gcc -c -march=x86-64 -mtune=generic -O2 -pipe -fno-plt -fexceptions         -Wp,-D_FORTIFY_SOURCE=3 -Wformat -Werror=format-security         -fstack-clash-protection -fcf-protection         -fno-omit-frame-pointer -mno-omit-leaf-frame-pointer -g -ffile-prefix-map=/home/fadhil_riyanto/BALI64/L120_linux_driver/src=/usr/src/debug/epson-inkjet-printer-201310w -flto=auto  -fPIC -DPIC -DPIC conftest.c >&5
configure:9302: $? = 0
configure:9316: result: yes
configure:9345: checking if gcc static flag -static works
configure:9375: result: yes
configure:9390: checking if gcc supports -c -o file.o
configure:9412: gcc -c -march=x86-64 -mtune=generic -O2 -pipe -fno-plt -fexceptions         -Wp,-D_FORTIFY_SOURCE=3 -Wformat -Werror=format-security         -fstack-clash-protection -fcf-protection         -fno-omit-frame-pointer -mno-omit-leaf-frame-pointer -g -ffile-prefix-map=/home/fadhil_riyanto/BALI64/L120_linux_driver/src=/usr/src/debug/epson-inkjet-printer-201310w -flto=auto  -o out/conftest2.o conftest.c >&5
configure:9416: $? = 0
configure:9439: result: yes
configure:9447: checking if gcc supports -c -o file.o
configure:9496: result: yes
configure:9529: checking whether the gcc linker (/usr/bin/ld -m elf_x86_64) supports shared libraries
configure:10802: result: yes
configure:10839: checking whether -lc should be explicitly linked in
configure:10848: gcc -c -march=x86-64 -mtune=generic -O2 -pipe -fno-plt -fexceptions         -Wp,-D_FORTIFY_SOURCE=3 -Wformat -Werror=format-security         -fstack-clash-protection -fcf-protection         -fno-omit-frame-pointer -mno-omit-leaf-frame-pointer -g -ffile-prefix-map=/home/fadhil_riyanto/BALI64/L120_linux_driver/src=/usr/src/debug/epson-inkjet-printer-201310w -flto=auto  conftest.c >&5
configure:10851: $? = 0
configure:10866: gcc -shared  -fPIC -DPIC conftest.o  -v -Wl,-soname -Wl,conftest -o conftest 2\>\&1 \| /usr/bin/grep  -lc  \>/dev/null 2\>\&1
configure:10869: $? = 0
configure:10884: result: no
configure:11044: checking dynamic linker characteristics
configure:11627: gcc -o conftest -march=x86-64 -mtune=generic -O2 -pipe -fno-plt -fexceptions         -Wp,-D_FORTIFY_SOURCE=3 -Wformat -Werror=format-security         -fstack-clash-protection -fcf-protection         -fno-omit-frame-pointer -mno-omit-leaf-frame-pointer -g -ffile-prefix-map=/home/fadhil_riyanto/BALI64/L120_linux_driver/src=/usr/src/debug/epson-inkjet-printer-201310w -flto=auto  -Wl,-O1 -Wl,--sort-common -Wl,--as-needed -Wl,-z,relro -Wl,-z,now          -Wl,-z,pack-relative-relocs -flto=auto -Wl,--no-as-needed -Wl,-rpath -Wl,/foo conftest.c  >&5
configure:11627: $? = 0
configure:11867: result: GNU/Linux ld.so
configure:11989: checking how to hardcode library paths into programs
configure:12014: result: immediate
configure:12614: checking whether stripping libraries is possible
configure:12623: result: yes
configure:12665: checking if libtool supports shared libraries
configure:12667: result: yes
configure:12670: checking whether to build shared libraries
configure:12695: result: yes
configure:12698: checking whether to build static libraries
configure:12702: result: yes
configure:12741: checking for dlopen in -ldl
configure:12770: gcc -o conftest -march=x86-64 -mtune=generic -O2 -pipe -fno-plt -fexceptions         -Wp,-D_FORTIFY_SOURCE=3 -Wformat -Werror=format-security         -fstack-clash-protection -fcf-protection         -fno-omit-frame-pointer -mno-omit-leaf-frame-pointer -g -ffile-prefix-map=/home/fadhil_riyanto/BALI64/L120_linux_driver/src=/usr/src/debug/epson-inkjet-printer-201310w -flto=auto  -Wl,-O1 -Wl,--sort-common -Wl,--as-needed -Wl,-z,relro -Wl,-z,now          -Wl,-z,pack-relative-relocs -flto=auto -Wl,--no-as-needed conftest.c -ldl   >&5
configure:12770: $? = 0
configure:12782: result: yes
configure:12859: checking for egrep
configure:12929: result: /usr/bin/grep -E
configure:12937: checking for fcntl.h
configure:12937: gcc -c -O2  conftest.c >&5
configure:12937: $? = 0
configure:12937: result: yes
configure:12943: checking for stdlib.h
configure:12943: result: yes
configure:12949: checking for string.h
configure:12949: result: yes
configure:12955: checking for unistd.h
configure:12955: result: yes
configure:12964: checking for an ANSI C-conforming const
configure:13031: gcc -c -O2  conftest.c >&5
configure:13031: $? = 0
configure:13041: result: yes
configure:13049: checking for size_t
configure:13049: gcc -c -O2  conftest.c >&5
configure:13049: $? = 0
configure:13049: gcc -c -O2  conftest.c >&5
conftest.c: In function 'main':
conftest.c:61:21: error: expected expression before ')' token
   61 | if (sizeof ((size_t)))
      |                     ^
configure:13049: $? = 1
configure: failed program was:
| /* confdefs.h */
| #define PACKAGE_NAME "epson-inkjet-printer-filter"
| #define PACKAGE_TARNAME "epson-inkjet-printer-filter"
| #define PACKAGE_VERSION "1.0.0"
| #define PACKAGE_STRING "epson-inkjet-printer-filter 1.0.0"
| #define PACKAGE_BUGREPORT "epson@localdomain"
| #define PACKAGE_URL ""
| #define PACKAGE "epson-inkjet-printer-filter"
| #define VERSION "1.0.0"
| #define HAVE_STDIO_H 1
| #define HAVE_STDLIB_H 1
| #define HAVE_STRING_H 1
| #define HAVE_INTTYPES_H 1
| #define HAVE_STDINT_H 1
| #define HAVE_STRINGS_H 1
| #define HAVE_SYS_STAT_H 1
| #define HAVE_SYS_TYPES_H 1
| #define HAVE_UNISTD_H 1
| #define STDC_HEADERS 1
| #define HAVE_DLFCN_H 1
| #define LT_OBJDIR ".libs/"
| #define HAVE_LIBDL 1
| #define CORE_LIBRARY_PATH "/opt/epson-inkjet-printer-201310w/lib64"
| #define CORE_RESOURCE_PATH "/opt/epson-inkjet-printer-201310w/resource"
| #define HAVE_FCNTL_H 1
| #define HAVE_STDLIB_H 1
| #define HAVE_STRING_H 1
| #define HAVE_UNISTD_H 1
| /* end confdefs.h.  */
| #include <stddef.h>
| #ifdef HAVE_STDIO_H
| # include <stdio.h>
| #endif
| #ifdef HAVE_STDLIB_H
| # include <stdlib.h>
| #endif
| #ifdef HAVE_STRING_H
| # include <string.h>
| #endif
| #ifdef HAVE_INTTYPES_H
| # include <inttypes.h>
| #endif
| #ifdef HAVE_STDINT_H
| # include <stdint.h>
| #endif
| #ifdef HAVE_STRINGS_H
| # include <strings.h>
| #endif
| #ifdef HAVE_SYS_TYPES_H
| # include <sys/types.h>
| #endif
| #ifdef HAVE_SYS_STAT_H
| # include <sys/stat.h>
| #endif
| #ifdef HAVE_UNISTD_H
| # include <unistd.h>
| #endif
| int
| main (void)
| {
| if (sizeof ((size_t)))
| 	    return 0;
|   ;
|   return 0;
| }
configure:13049: result: yes
configure:13062: checking return type of signal handlers
configure:13081: gcc -c -O2  conftest.c >&5
conftest.c: In function 'main':
conftest.c:36:10: error: void value not ignored as it ought to be
   36 | return *(signal (0, 0)) (0) == 1;
      |         ~^~~~~~~~~~~~~~~~~~
configure:13081: $? = 1
configure: failed program was:
| /* confdefs.h */
| #define PACKAGE_NAME "epson-inkjet-printer-filter"
| #define PACKAGE_TARNAME "epson-inkjet-printer-filter"
| #define PACKAGE_VERSION "1.0.0"
| #define PACKAGE_STRING "epson-inkjet-printer-filter 1.0.0"
| #define PACKAGE_BUGREPORT "epson@localdomain"
| #define PACKAGE_URL ""
| #define PACKAGE "epson-inkjet-printer-filter"
| #define VERSION "1.0.0"
| #define HAVE_STDIO_H 1
| #define HAVE_STDLIB_H 1
| #define HAVE_STRING_H 1
| #define HAVE_INTTYPES_H 1
| #define HAVE_STDINT_H 1
| #define HAVE_STRINGS_H 1
| #define HAVE_SYS_STAT_H 1
| #define HAVE_SYS_TYPES_H 1
| #define HAVE_UNISTD_H 1
| #define STDC_HEADERS 1
| #define HAVE_DLFCN_H 1
| #define LT_OBJDIR ".libs/"
| #define HAVE_LIBDL 1
| #define CORE_LIBRARY_PATH "/opt/epson-inkjet-printer-201310w/lib64"
| #define CORE_RESOURCE_PATH "/opt/epson-inkjet-printer-201310w/resource"
| #define HAVE_FCNTL_H 1
| #define HAVE_STDLIB_H 1
| #define HAVE_STRING_H 1
| #define HAVE_UNISTD_H 1
| /* end confdefs.h.  */
| #include <sys/types.h>
| #include <signal.h>
| 
| int
| main (void)
| {
| return *(signal (0, 0)) (0) == 1;
|   ;
|   return 0;
| }
configure:13091: result: void
configure:13101: checking for vprintf
configure:13101: gcc -o conftest -O2  -Wl,-O1 -Wl,--sort-common -Wl,--as-needed -Wl,-z,relro -Wl,-z,now          -Wl,-z,pack-relative-relocs -flto=auto -Wl,--no-as-needed conftest.c -ldl  >&5
conftest.c:47:6: warning: conflicting types for built-in function 'vprintf'; expected 'int(const char *, __va_list_tag *)' [-Wbuiltin-declaration-mismatch]
   47 | char vprintf (void);
      |      ^~~~~~~
conftest.c:39:1: note: 'vprintf' is declared in header '<stdio.h>'
   38 | #include <limits.h>
   39 | #undef vprintf
configure:13101: $? = 0
configure:13101: result: yes
configure:13122: checking for memset
configure:13122: gcc -o conftest -O2  -Wl,-O1 -Wl,--sort-common -Wl,--as-needed -Wl,-z,relro -Wl,-z,now          -Wl,-z,pack-relative-relocs -flto=auto -Wl,--no-as-needed conftest.c -ldl  >&5
conftest.c:48:6: warning: conflicting types for built-in function 'memset'; expected 'void *(void *, int,  long unsigned int)' [-Wbuiltin-declaration-mismatch]
   48 | char memset (void);
      |      ^~~~~~
conftest.c:40:1: note: 'memset' is declared in header '<string.h>'
   39 | #include <limits.h>
   40 | #undef memset
configure:13122: $? = 0
configure:13122: result: yes
configure:13128: checking for strdup
configure:13128: gcc -o conftest -O2  -Wl,-O1 -Wl,--sort-common -Wl,--as-needed -Wl,-z,relro -Wl,-z,now          -Wl,-z,pack-relative-relocs -flto=auto -Wl,--no-as-needed conftest.c -ldl  >&5
conftest.c:49:6: warning: conflicting types for built-in function 'strdup'; expected 'char *(const char *)' [-Wbuiltin-declaration-mismatch]
   49 | char strdup (void);
      |      ^~~~~~
configure:13128: $? = 0
configure:13128: result: yes
configure:13239: checking that generated files are newer than configure
configure:13245: result: done
configure:13268: creating ./config.status

## ---------------------- ##
## Running config.status. ##
## ---------------------- ##

This file was extended by epson-inkjet-printer-filter config.status 1.0.0, which was
generated by GNU Autoconf 2.72.  Invocation command line was

  CONFIG_FILES    = 
  CONFIG_HEADERS  = 
  CONFIG_LINKS    = 
  CONFIG_COMMANDS = 
  $ ./config.status 

on integral2

config.status:1109: creating Makefile
config.status:1109: creating src/Makefile
config.status:1109: creating src/raster/Makefile
config.status:1109: creating src/raster/blendSource/Makefile
config.status:1109: creating src/memory/Makefile
config.status:1109: creating src/pagemanager/Makefile
config.status:1109: creating src/filteropt/Makefile
config.status:1109: creating config.h
config.status:1290: config.h is unchanged
config.status:1338: executing depfiles commands
config.status:1415: cd src       && sed -e '/# am--include-marker/d' Makefile         | make -f - am--depfiles
make: Nothing to be done for 'am--depfiles'.
config.status:1420: $? = 0
config.status:1415: cd src/raster       && sed -e '/# am--include-marker/d' Makefile         | make -f - am--depfiles
make: Nothing to be done for 'am--depfiles'.
config.status:1420: $? = 0
config.status:1415: cd src/raster/blendSource       && sed -e '/# am--include-marker/d' Makefile         | make -f - am--depfiles
make: Nothing to be done for 'am--depfiles'.
config.status:1420: $? = 0
config.status:1415: cd src/memory       && sed -e '/# am--include-marker/d' Makefile         | make -f - am--depfiles
make: Nothing to be done for 'am--depfiles'.
config.status:1420: $? = 0
config.status:1415: cd src/pagemanager       && sed -e '/# am--include-marker/d' Makefile         | make -f - am--depfiles
make: Nothing to be done for 'am--depfiles'.
config.status:1420: $? = 0
config.status:1415: cd src/filteropt       && sed -e '/# am--include-marker/d' Makefile         | make -f - am--depfiles
make: Nothing to be done for 'am--depfiles'.
config.status:1420: $? = 0
config.status:1338: executing libtool commands

## ---------------- ##
## Cache variables. ##
## ---------------- ##

ac_cv_build=x86_64-pc-linux-gnu
ac_cv_c_compiler_gnu=yes
ac_cv_c_const=yes
ac_cv_env_CC_set=
ac_cv_env_CC_value=
ac_cv_env_CFLAGS_set=set
ac_cv_env_CFLAGS_value='-march=x86-64 -mtune=generic -O2 -pipe -fno-plt -fexceptions         -Wp,-D_FORTIFY_SOURCE=3 -Wformat -Werror=format-security         -fstack-clash-protection -fcf-protection         -fno-omit-frame-pointer -mno-omit-leaf-frame-pointer -g -ffile-prefix-map=/home/fadhil_riyanto/BALI64/L120_linux_driver/src=/usr/src/debug/epson-inkjet-printer-201310w -flto=auto'
ac_cv_env_CPPFLAGS_set=
ac_cv_env_CPPFLAGS_value=
ac_cv_env_LDFLAGS_set=set
ac_cv_env_LDFLAGS_value='-Wl,-O1 -Wl,--sort-common -Wl,--as-needed -Wl,-z,relro -Wl,-z,now          -Wl,-z,pack-relative-relocs -flto=auto -Wl,--no-as-needed'
ac_cv_env_LIBS_set=
ac_cv_env_LIBS_value=
ac_cv_env_LT_SYS_LIBRARY_PATH_set=
ac_cv_env_LT_SYS_LIBRARY_PATH_value=
ac_cv_env_build_alias_set=
ac_cv_env_build_alias_value=
ac_cv_env_host_alias_set=
ac_cv_env_host_alias_value=
ac_cv_env_target_alias_set=
ac_cv_env_target_alias_value=
ac_cv_func_memset=yes
ac_cv_func_strdup=yes
ac_cv_func_vprintf=yes
ac_cv_header_dlfcn_h=yes
ac_cv_header_fcntl_h=yes
ac_cv_header_inttypes_h=yes
ac_cv_header_stdint_h=yes
ac_cv_header_stdio_h=yes
ac_cv_header_stdlib_h=yes
ac_cv_header_string_h=yes
ac_cv_header_strings_h=yes
ac_cv_header_sys_stat_h=yes
ac_cv_header_sys_types_h=yes
ac_cv_header_unistd_h=yes
ac_cv_host=x86_64-pc-linux-gnu
ac_cv_lib_dl_dlopen=yes
ac_cv_objext=o
ac_cv_path_EGREP='/usr/bin/grep -E'
ac_cv_path_EGREP_TRADITIONAL='/usr/bin/grep -E'
ac_cv_path_FGREP='/usr/bin/grep -F'
ac_cv_path_GREP=/usr/bin/grep
ac_cv_path_SED=/usr/bin/sed
ac_cv_path_install='/usr/bin/install -c'
ac_cv_path_lt_DD=/usr/bin/dd
ac_cv_path_mkdir=/usr/bin/mkdir
ac_cv_prog_AWK=gawk
ac_cv_prog_FILECMD=file
ac_cv_prog_ac_ct_AR=ar
ac_cv_prog_ac_ct_CC=gcc
ac_cv_prog_ac_ct_OBJDUMP=objdump
ac_cv_prog_ac_ct_RANLIB=ranlib
ac_cv_prog_ac_ct_STRIP=strip
ac_cv_prog_cc_c11=
ac_cv_prog_cc_g=yes
ac_cv_prog_cc_stdc=
ac_cv_prog_make_make_set=yes
ac_cv_type_signal=void
ac_cv_type_size_t=yes
am_cv_CC_dependencies_compiler_type=gcc3
am_cv_make_support_nested_variables=yes
am_cv_prog_cc_c_o=yes
lt_cv_ar_at_file=@
lt_cv_archive_cmds_need_lc=no
lt_cv_deplibs_check_method=pass_all
lt_cv_file_magic_cmd='$MAGIC_CMD'
lt_cv_file_magic_test_file=
lt_cv_ld_reload_flag=-r
lt_cv_nm_interface='BSD nm'
lt_cv_objdir=.libs
lt_cv_path_LD=/usr/bin/ld
lt_cv_path_NM='/usr/bin/nm -B'
lt_cv_path_manifest_tool=no
lt_cv_prog_compiler_c_o=yes
lt_cv_prog_compiler_pic='-fPIC -DPIC'
lt_cv_prog_compiler_pic_works=yes
lt_cv_prog_compiler_rtti_exceptions=no
lt_cv_prog_compiler_static_works=yes
lt_cv_prog_gnu_ld=yes
lt_cv_sharedlib_from_linklib_cmd='printf %s\n'
lt_cv_shlibpath_overrides_runpath=yes
lt_cv_sys_global_symbol_pipe='/usr/bin/sed -n -e '\''s/^.*[	 ]\([ABCDGIRSTW][ABCDGIRSTW]*\)[	 ][	 ]*\([_A-Za-z][_A-Za-z0-9]*\)$/\1 \2 \2/p'\'' | /usr/bin/sed '\''/ __gnu_lto/d'\'''
lt_cv_sys_global_symbol_to_c_name_address='/usr/bin/sed -n -e '\''s/^: \(.*\) .*$/  {"\1", (void *) 0},/p'\'' -e '\''s/^[ABCDGIRSTW][ABCDGIRSTW]* .* \(.*\)$/  {"\1", (void *) \&\1},/p'\'''
lt_cv_sys_global_symbol_to_c_name_address_lib_prefix='/usr/bin/sed -n -e '\''s/^: \(.*\) .*$/  {"\1", (void *) 0},/p'\'' -e '\''s/^[ABCDGIRSTW][ABCDGIRSTW]* .* \(lib.*\)$/  {"\1", (void *) \&\1},/p'\'' -e '\''s/^[ABCDGIRSTW][ABCDGIRSTW]* .* \(.*\)$/  {"lib\1", (void *) \&\1},/p'\'''
lt_cv_sys_global_symbol_to_cdecl='/usr/bin/sed -n -e '\''s/^T .* \(.*\)$/extern int \1();/p'\'' -e '\''s/^[ABCDGIRSTW][ABCDGIRSTW]* .* \(.*\)$/extern char \1;/p'\'''
lt_cv_sys_global_symbol_to_import=
lt_cv_sys_max_cmd_len=1572864
lt_cv_to_host_file_cmd=func_convert_file_noop
lt_cv_to_tool_file_cmd=func_convert_file_noop
lt_cv_truncate_bin='/usr/bin/dd bs=4096 count=1'

## ----------------- ##
## Output variables. ##
## ----------------- ##

ACLOCAL='${SHELL} '\''/home/fadhil_riyanto/BALI64/L120_linux_driver/src/epson-inkjet-printer-filter-1.0.0/missing'\'' aclocal-1.16'
AMDEPBACKSLASH='\'
AMDEP_FALSE='#'
AMDEP_TRUE=''
AMTAR='$${TAR-tar}'
AM_BACKSLASH='\'
AM_DEFAULT_V='$(AM_DEFAULT_VERBOSITY)'
AM_DEFAULT_VERBOSITY='1'
AM_V='$(V)'
AR='ar'
AUTOCONF='${SHELL} '\''/home/fadhil_riyanto/BALI64/L120_linux_driver/src/epson-inkjet-printer-filter-1.0.0/missing'\'' autoconf'
AUTOHEADER='${SHELL} '\''/home/fadhil_riyanto/BALI64/L120_linux_driver/src/epson-inkjet-printer-filter-1.0.0/missing'\'' autoheader'
AUTOMAKE='${SHELL} '\''/home/fadhil_riyanto/BALI64/L120_linux_driver/src/epson-inkjet-printer-filter-1.0.0/missing'\'' automake-1.16'
AWK='gawk'
CC='gcc'
CCDEPMODE='depmode=gcc3'
CFLAGS='-O2'
CORE_LIBRARY_PATH='/opt/epson-inkjet-printer-201310w/lib64'
CORE_RESOURCE_PATH='/opt/epson-inkjet-printer-201310w/resource'
CPPFLAGS=''
CSCOPE='cscope'
CTAGS='ctags'
CUPS_IMAGE_LIBS='-lcupsimage -lcups -ljpeg -lm'
CUPS_LIBS='-lcups -lm'
CUPS_SERVER_DIR='/opt/epson-inkjet-printer-201310w/lib/cups'
CYGPATH_W='echo'
DEFS='-DHAVE_CONFIG_H'
DEPDIR='.deps'
DLLTOOL='false'
DL_LIBS='-ldl'
DSYMUTIL=''
DUMPBIN=''
ECHO_C=''
ECHO_N='-n'
ECHO_T=''
EGREP='/usr/bin/grep -E'
ETAGS='etags'
EXEEXT=''
FGREP='/usr/bin/grep -F'
FILECMD='file'
GREP='/usr/bin/grep'
INSTALL_DATA='${INSTALL} -m 644'
INSTALL_PROGRAM='${INSTALL}'
INSTALL_SCRIPT='${INSTALL}'
INSTALL_STRIP_PROGRAM='$(install_sh) -c -s'
LD='/usr/bin/ld -m elf_x86_64'
LDFLAGS='-Wl,-O1 -Wl,--sort-common -Wl,--as-needed -Wl,-z,relro -Wl,-z,now          -Wl,-z,pack-relative-relocs -flto=auto -Wl,--no-as-needed'
LIBOBJS=''
LIBS='-ldl '
LIBTOOL='$(SHELL) $(top_builddir)/libtool'
LIPO=''
LN_S='ln -s'
LTLIBOBJS=''
LT_SYS_LIBRARY_PATH=''
MAKEINFO='${SHELL} '\''/home/fadhil_riyanto/BALI64/L120_linux_driver/src/epson-inkjet-printer-filter-1.0.0/missing'\'' makeinfo'
MANIFEST_TOOL=':'
MKDIR_P='/usr/bin/mkdir -p'
NM='/usr/bin/nm -B'
NMEDIT=''
OBJDUMP='objdump'
OBJEXT='o'
OTOOL64=''
OTOOL=''
PACKAGE='epson-inkjet-printer-filter'
PACKAGE_BUGREPORT='epson@localdomain'
PACKAGE_NAME='epson-inkjet-printer-filter'
PACKAGE_STRING='epson-inkjet-printer-filter 1.0.0'
PACKAGE_TARNAME='epson-inkjet-printer-filter'
PACKAGE_URL=''
PACKAGE_VERSION='1.0.0'
PATH_SEPARATOR=':'
RANLIB='ranlib'
SED='/usr/bin/sed'
SET_MAKE=''
SHELL='/bin/sh'
STDCPP_LIBS='-lstdc++'
STRIP='strip'
VERSION='1.0.0'
ac_ct_AR='ar'
ac_ct_CC='gcc'
ac_ct_DUMPBIN=''
am__EXEEXT_FALSE=''
am__EXEEXT_TRUE='#'
am__fastdepCC_FALSE='#'
am__fastdepCC_TRUE=''
am__include='include'
am__isrc=''
am__leading_dot='.'
am__nodep='_no'
am__quote=''
am__tar='$${TAR-tar} chof - "$$tardir"'
am__untar='$${TAR-tar} xf -'
bindir='${exec_prefix}/bin'
build='x86_64-pc-linux-gnu'
build_alias=''
build_cpu='x86_64'
build_os='linux-gnu'
build_vendor='pc'
datadir='${datarootdir}'
datarootdir='${prefix}/share'
docdir='${datarootdir}/doc/${PACKAGE_TARNAME}'
dvidir='${docdir}'
exec_prefix='${prefix}'
host='x86_64-pc-linux-gnu'
host_alias=''
host_cpu='x86_64'
host_os='linux-gnu'
host_vendor='pc'
htmldir='${docdir}'
includedir='${prefix}/include'
infodir='${datarootdir}/info'
install_sh='${SHELL} /home/fadhil_riyanto/BALI64/L120_linux_driver/src/epson-inkjet-printer-filter-1.0.0/install-sh'
libdir='${exec_prefix}/lib'
libexecdir='${exec_prefix}/libexec'
localedir='${datarootdir}/locale'
localstatedir='${prefix}/var'
mandir='${datarootdir}/man'
mkdir_p='$(MKDIR_P)'
oldincludedir='/usr/include'
pdfdir='${docdir}'
prefix='/opt/epson-inkjet-printer-201310w'
program_transform_name='s,x,x,'
psdir='${docdir}'
runstatedir='${localstatedir}/run'
sbindir='${exec_prefix}/sbin'
sharedstatedir='${prefix}/com'
sysconfdir='${prefix}/etc'
target_alias=''

## ----------- ##
## confdefs.h. ##
## ----------- ##

/* confdefs.h */
#define PACKAGE_NAME "epson-inkjet-printer-filter"
#define PACKAGE_TARNAME "epson-inkjet-printer-filter"
#define PACKAGE_VERSION "1.0.0"
#define PACKAGE_STRING "epson-inkjet-printer-filter 1.0.0"
#define PACKAGE_BUGREPORT "epson@localdomain"
#define PACKAGE_URL ""
#define PACKAGE "epson-inkjet-printer-filter"
#define VERSION "1.0.0"
#define HAVE_STDIO_H 1
#define HAVE_STDLIB_H 1
#define HAVE_STRING_H 1
#define HAVE_INTTYPES_H 1
#define HAVE_STDINT_H 1
#define HAVE_STRINGS_H 1
#define HAVE_SYS_STAT_H 1
#define HAVE_SYS_TYPES_H 1
#define HAVE_UNISTD_H 1
#define STDC_HEADERS 1
#define HAVE_DLFCN_H 1
#define LT_OBJDIR ".libs/"
#define HAVE_LIBDL 1
#define CORE_LIBRARY_PATH "/opt/epson-inkjet-printer-201310w/lib64"
#define CORE_RESOURCE_PATH "/opt/epson-inkjet-printer-201310w/resource"
#define HAVE_FCNTL_H 1
#define HAVE_STDLIB_H 1
#define HAVE_STRING_H 1
#define HAVE_UNISTD_H 1
#define RETSIGTYPE void
#define HAVE_VPRINTF 1
#define HAVE_MEMSET 1
#define HAVE_STRDUP 1

configure: exit 0
